c:\users\user\desktop\physics-simulation\tutorial 3\x64\debug\vc140.pdb
c:\users\user\desktop\physics-simulation\tutorial 3\x64\debug\vc140.idb
c:\users\user\desktop\physics-simulation\tutorial 3\x64\debug\camera.obj
c:\users\user\desktop\physics-simulation\tutorial 3\x64\debug\glfontrenderer.obj
c:\users\user\desktop\physics-simulation\tutorial 3\x64\debug\renderer.obj
c:\users\user\desktop\physics-simulation\tutorial 3\x64\debug\physicsengine.obj
c:\users\user\desktop\physics-simulation\tutorial 3\x64\debug\visualdebugger.obj
c:\users\user\desktop\physics-simulation\tutorial 3\x64\debug\tutorial 3.obj
c:\users\user\desktop\physics-simulation\tutorial 3\x64\debug\tutorial 3.obj.enc
c:\users\user\desktop\physics-simulation\tutorial 3\x64\debug\visualdebugger.obj.enc
c:\users\user\desktop\physics-simulation\tutorial 3\x64\debug\nativecodeanalysis.read.1.tlog
c:\users\user\desktop\physics-simulation\tutorial 3\x64\debug\camera.nativecodeanalysis.xml
c:\users\user\desktop\physics-simulation\tutorial 3\x64\debug\glfontrenderer.nativecodeanalysis.xml
c:\users\user\desktop\physics-simulation\tutorial 3\x64\debug\physicsengine.nativecodeanalysis.xml
c:\users\user\desktop\physics-simulation\tutorial 3\x64\debug\renderer.nativecodeanalysis.xml
c:\users\user\desktop\physics-simulation\tutorial 3\x64\debug\tutorial 3.nativecodeanalysis.xml
c:\users\user\desktop\physics-simulation\tutorial 3\x64\debug\vc.nativecodeanalysis.all.xml
c:\users\user\desktop\physics-simulation\tutorial 3\x64\debug\visualdebugger.nativecodeanalysis.xml
c:\users\user\desktop\physics-simulation\x64\debug\assignment.pdb
c:\users\user\desktop\physics-simulation\x64\debug\assignment.exe
c:\users\user\desktop\physics-simulation\x64\debug\assignment.ilk
c:\users\user\desktop\physics-simulation\tutorial 3\x64\debug\assignment.tlog\cl.command.1.tlog
c:\users\user\desktop\physics-simulation\tutorial 3\x64\debug\assignment.tlog\cl.read.1.tlog
c:\users\user\desktop\physics-simulation\tutorial 3\x64\debug\assignment.tlog\cl.write.1.tlog
c:\users\user\desktop\physics-simulation\tutorial 3\x64\debug\assignment.tlog\link.command.1.tlog
c:\users\user\desktop\physics-simulation\tutorial 3\x64\debug\assignment.tlog\link.read.1.tlog
c:\users\user\desktop\physics-simulation\tutorial 3\x64\debug\assignment.tlog\link.write.1.tlog
